<?xml version="1.0" encoding="UTF-8"?>
<testsuite xmlns:xsi="http://www.w3.org/2001/XMLSchema-instance" xsi:noNamespaceSchemaLocation="https://maven.apache.org/surefire/maven-surefire-plugin/xsd/surefire-test-report.xsd" name="com.coldchain.compliance.service.DecisionServiceTest" time="1.461" tests="6" errors="0" skipped="0" failures="0">
  <properties>
[...]
</properties>
  <testcase name="decide_basisContainsFindingSeverityAndTempRange" classname="com.coldchain.compliance.service.DecisionServiceTest" time="0.213"/>
  <testcase name="decide_releaseWhenTempNotOk_isRejectedByGxp" classname="com.coldchain.compliance.service.DecisionServiceTest" time="0.279"/>
  <testcase name="decide_tempOkButCustomsNotOk_downgradesToConditional" classname="com.coldchain.compliance.service.DecisionServiceTest" time="0.138"/>
  <testcase name="decide_explicitConditional_landsAsConditional" classname="com.coldchain.compliance.service.DecisionServiceTest" time="0.109"/>
  <testcase name="decide_allPass_releaseLands" classname="com.coldchain.compliance.service.DecisionServiceTest" time="0.154"/>
  <testcase name="decide_auditBlock_stillRejectsRelease" classname="com.coldchain.compliance.service.DecisionServiceTest" time="0.563"/>
</testsuite>